<?xml version="1.0" encoding="UTF-8"?>
<testsuite name="com.example.project.TestBook" tests="3" skipped="0" failures="0" errors="0" timestamp="2025-01-26T20:47:50" hostname="codespaces-9392e7" time="0.07">
  <properties/>
  <testcase name="testBookInfo()" classname="com.example.project.TestBook" time="0.044"/>
  <testcase name="testBookConstructor()" classname="com.example.project.TestBook" time="0.005"/>
  <testcase name="testSetters()" classname="com.example.project.TestBook" time="0.007"/>
  <system-out><![CDATA[]]></system-out>
  <system-err><![CDATA[]]></system-err>
</testsuite>
